<?xml version="1.0" encoding="UTF-8"?>
<!-- Generated by org.testng.reporters.JUnitReportReporter -->
<testsuite hostname="D-E-V-E-N" failures="0" tests="3" name="com.selenium.capstone.tests.LoginTest" time="54.277" errors="0" timestamp="2025-08-29T18:42:45 IST" skipped="0">
  <testcase classname="com.selenium.capstone.tests.LoginTest" name="emptyLogin" time="26.030"/>
  <testcase classname="com.selenium.capstone.tests.LoginTest" name="invalidLogin" time="15.326"/>
  <testcase classname="com.selenium.capstone.tests.LoginTest" name="validLogin" time="12.921"/>
</testsuite> <!-- com.selenium.capstone.tests.LoginTest -->
