<?xml version="1.0" encoding="UTF-8"?>
<!-- Generated by org.testng.reporters.JUnitReportReporter -->
<testsuite hostname="D-E-V-E-N" failures="0" tests="3" name="com.selenium.capstone.tests.CartTest" time="40.375" errors="0" timestamp="2025-08-30T22:30:18 IST" skipped="0">
  <testcase classname="com.selenium.capstone.tests.CartTest" name="addSingleItem" time="12.675"/>
  <testcase classname="com.selenium.capstone.tests.CartTest" name="addMultipleItem" time="13.811"/>
  <testcase classname="com.selenium.capstone.tests.CartTest" name="removeAllItems" time="13.889"/>
</testsuite> <!-- com.selenium.capstone.tests.CartTest -->
