<?xml version="1.0" encoding="UTF-8"?>
<!-- Generated by org.testng.reporters.JUnitReportReporter -->
<testsuite hostname="D-E-V-E-N" failures="0" tests="2" name="com.selenium.capstone.tests.CheckOutTest" time="31.740" errors="0" timestamp="2025-09-01T18:08:51 IST" skipped="0">
  <testcase classname="com.selenium.capstone.tests.CheckOutTest" name="invalidCheckOut" time="15.355"/>
  <testcase classname="com.selenium.capstone.tests.CheckOutTest" name="validCheckOut" time="16.385"/>
</testsuite> <!-- com.selenium.capstone.tests.CheckOutTest -->
